SF:lib\core\networking\api\api_manager.g.dart
DA:12,0
DA:17,0
DA:26,0
DA:28,0
DA:29,0
DA:30,0
DA:31,0
DA:32,0
DA:33,0
DA:38,0
DA:39,0
DA:44,0
DA:45,0
DA:46,0
DA:47,0
DA:49,0
DA:52,0
DA:54,0
DA:60,0
DA:62,0
DA:63,0
DA:64,0
DA:65,0
DA:66,0
DA:67,0
DA:72,0
DA:73,0
DA:78,0
DA:79,0
DA:80,0
DA:81,0
DA:83,0
DA:86,0
DA:88,0
DA:94,0
DA:97,0
DA:98,0
DA:99,0
DA:100,0
DA:101,0
DA:102,0
DA:107,0
DA:108,0
DA:113,0
DA:114,0
DA:115,0
DA:116,0
DA:118,0
DA:121,0
DA:123,0
DA:129,0
DA:132,0
DA:133,0
DA:134,0
DA:135,0
DA:136,0
DA:137,0
DA:142,0
DA:143,0
DA:148,0
DA:149,0
DA:150,0
DA:151,0
DA:153,0
DA:156,0
DA:158,0
DA:164,0
DA:167,0
DA:168,0
DA:169,0
DA:170,0
DA:171,0
DA:172,0
DA:177,0
DA:178,0
DA:183,0
DA:184,0
DA:185,0
DA:186,0
DA:188,0
DA:191,0
DA:193,0
DA:199,0
DA:201,0
DA:202,0
DA:203,0
DA:205,0
DA:210,0
DA:211,0
DA:212,0
DA:216,0
DA:217,0
DA:218,0
DA:219,0
DA:221,0
DA:224,0
DA:226,0
DA:232,0
DA:234,0
DA:235,0
DA:236,0
DA:238,0
DA:243,0
DA:244,0
DA:249,0
DA:250,0
DA:251,0
DA:252,0
DA:254,0
DA:257,0
DA:259,0
DA:265,0
DA:267,0
DA:268,0
DA:269,0
DA:271,0
DA:276,0
DA:277,0
DA:282,0
DA:283,0
DA:284,0
DA:285,0
DA:287,0
DA:290,0
DA:292,0
DA:298,0
DA:300,0
DA:301,0
DA:302,0
DA:304,0
DA:309,0
DA:310,0
DA:315,0
DA:316,0
DA:317,0
DA:318,0
DA:320,0
DA:323,0
DA:325,0
DA:331,0
DA:333,0
DA:334,0
DA:335,0
DA:337,0
DA:342,0
DA:343,0
DA:348,0
DA:349,0
DA:350,0
DA:351,0
DA:353,0
DA:356,0
DA:358,0
DA:364,0
DA:366,0
DA:367,0
DA:368,0
DA:370,0
DA:375,0
DA:376,0
DA:381,0
DA:382,0
DA:383,0
DA:384,0
DA:386,0
DA:389,0
DA:391,0
DA:397,0
DA:399,0
DA:400,0
DA:401,0
DA:403,0
DA:408,0
DA:409,0
DA:414,0
DA:415,0
DA:416,0
DA:417,0
DA:419,0
DA:422,0
DA:424,0
DA:430,0
DA:433,0
DA:434,0
DA:435,0
DA:436,0
DA:437,0
DA:438,0
DA:443,0
DA:444,0
DA:449,0
DA:450,0
DA:451,0
DA:452,0
DA:454,0
DA:457,0
DA:459,0
DA:465,0
DA:470,0
DA:471,0
DA:472,0
DA:473,0
DA:474,0
DA:475,0
DA:480,0
DA:481,0
DA:482,0
DA:486,0
DA:487,0
DA:488,0
DA:489,0
DA:491,0
DA:494,0
DA:496,0
DA:502,0
DA:504,0
DA:505,0
DA:506,0
DA:508,0
DA:513,0
DA:514,0
DA:515,0
DA:519,0
DA:520,0
DA:521,0
DA:522,0
DA:524,0
DA:527,0
DA:529,0
DA:535,0
DA:537,0
DA:538,0
DA:539,0
DA:541,0
DA:546,0
DA:547,0
DA:552,0
DA:553,0
DA:554,0
DA:555,0
DA:557,0
DA:560,0
DA:562,0
DA:568,0
DA:570,0
DA:571,0
DA:572,0
DA:575,0
DA:580,0
DA:581,0
DA:586,0
DA:587,0
DA:588,0
DA:589,0
DA:591,0
DA:594,0
DA:596,0
DA:602,0
DA:604,0
DA:605,0
DA:606,0
DA:608,0
DA:613,0
DA:614,0
DA:619,0
DA:620,0
DA:621,0
DA:622,0
DA:624,0
DA:627,0
DA:629,0
DA:635,0
DA:637,0
DA:638,0
DA:639,0
DA:640,0
DA:641,0
DA:642,0
DA:647,0
DA:648,0
DA:653,0
DA:654,0
DA:655,0
DA:656,0
DA:658,0
DA:661,0
DA:663,0
DA:669,0
DA:671,0
DA:672,0
DA:673,0
DA:674,0
DA:675,0
DA:677,0
DA:678,0
DA:679,0
DA:682,0
DA:688,0
DA:689,0
DA:694,0
DA:695,0
DA:696,0
DA:697,0
DA:699,0
DA:702,0
DA:704,0
DA:710,0
DA:713,0
DA:714,0
DA:715,0
DA:716,0
DA:717,0
DA:718,0
DA:723,0
DA:724,0
DA:729,0
DA:730,0
DA:731,0
DA:732,0
DA:734,0
DA:737,0
DA:739,0
DA:745,0
DA:747,0
DA:748,0
DA:749,0
DA:750,0
DA:751,0
DA:752,0
DA:757,0
DA:758,0
DA:763,0
DA:764,0
DA:765,0
DA:766,0
DA:768,0
DA:771,0
DA:773,0
DA:779,0
DA:780,0
DA:781,0
DA:782,0
DA:783,0
DA:784,0
DA:786,0
DA:792,0
DA:796,0
DA:800,0
DA:802,0
DA:803,0
DA:806,0
LF:351
LH:0
end_of_record
SF:lib\core\networking\common\api_result.dart
DA:6,17
DA:12,16
LF:2
LH:2
end_of_record
SF:lib\features\address_details\data\data_sources\impl\add_address_online_data_source_impl.dart
DA:17,1
DA:20,1
DA:23,2
DA:24,1
DA:25,2
DA:26,1
LF:6
LH:6
end_of_record
SF:lib\features\address_details\data\models\response\add_address_response_dto.dart
DA:10,1
DA:12,0
DA:13,0
DA:15,0
DA:26,1
DA:28,0
DA:29,0
DA:31,0
LF:8
LH:2
end_of_record
SF:lib\features\address_details\data\models\response\add_address_response_dto.g.dart
DA:9,0
DA:11,0
DA:12,0
DA:13,0
DA:14,0
DA:16,0
DA:18,0
DA:21,0
DA:23,0
DA:24,0
DA:25,0
DA:28,0
DA:30,0
DA:31,0
DA:32,0
DA:33,0
DA:34,0
DA:37,0
DA:39,0
DA:40,0
DA:41,0
DA:42,0
DA:43,0
LF:23
LH:0
end_of_record
SF:lib\features\address_details\domain\entities\request\add_address_request_entity.dart
DA:6,4
LF:1
LH:1
end_of_record
SF:lib\features\address_details\domain\entities\response\add_address_response_entity.dart
DA:6,4
DA:8,2
DA:9,4
DA:18,4
DA:21,2
DA:22,10
LF:6
LH:6
end_of_record
SF:lib\features\address\data\models\response\saved_address_response_entity_dto_entity.dart
DA:10,0
DA:12,0
DA:14,0
DA:16,0
DA:17,0
DA:28,0
DA:31,0
DA:33,0
DA:35,0
DA:36,0
LF:10
LH:0
end_of_record
SF:lib\features\address\data\models\response\saved_address_response_entity_dto_entity.g.dart
DA:9,0
DA:11,0
DA:12,0
DA:13,0
DA:14,0
DA:16,0
DA:18,0
DA:21,0
DA:23,0
DA:24,0
DA:25,0
DA:28,0
DA:31,0
DA:32,0
DA:33,0
DA:34,0
DA:35,0
DA:38,0
DA:40,0
DA:41,0
DA:42,0
DA:43,0
DA:44,0
LF:23
LH:0
end_of_record
SF:lib\features\address_details\data\models\request\add_address_request_dto.dart
DA:11,1
DA:13,0
LF:2
LH:1
end_of_record
SF:lib\features\address_details\data\models\request\add_address_request_dto.g.dart
DA:10,0
DA:12,0
DA:13,0
DA:14,0
DA:15,0
LF:5
LH:0
end_of_record
SF:lib\features\auth\data\models\request\forget_password_request_dto.dart
DA:9,0
DA:13,0
DA:14,0
LF:3
LH:0
end_of_record
SF:lib\features\auth\data\models\request\forget_password_request_dto.g.dart
DA:9,0
DA:11,0
DA:12,0
DA:15,0
DA:17,0
DA:18,0
LF:6
LH:0
end_of_record
SF:lib\features\auth\data\models\request\login_request_dto.dart
DA:10,0
DA:12,0
DA:13,0
DA:15,0
LF:4
LH:0
end_of_record
SF:lib\features\auth\data\models\request\login_request_dto.g.dart
DA:9,0
DA:10,0
DA:11,0
DA:12,0
DA:15,0
DA:16,0
DA:17,0
DA:18,0
LF:8
LH:0
end_of_record
SF:lib\features\auth\data\models\request\reset_password_request_dto.dart
DA:10,0
DA:13,0
DA:14,0
DA:16,0
LF:4
LH:0
end_of_record
SF:lib\features\auth\data\models\request\reset_password_request_dto.g.dart
DA:9,0
DA:11,0
DA:12,0
DA:13,0
DA:16,0
DA:18,0
DA:19,0
DA:20,0
LF:8
LH:0
end_of_record
SF:lib\features\auth\data\models\request\signup_request_dto.dart
DA:22,1
DA:32,0
DA:33,0
DA:36,0
DA:37,0
LF:5
LH:1
end_of_record
SF:lib\features\auth\data\models\request\signup_request_dto.g.dart
DA:9,0
DA:10,0
DA:11,0
DA:12,0
DA:13,0
DA:14,0
DA:15,0
DA:16,0
DA:17,0
DA:20,0
DA:21,0
DA:22,0
DA:23,0
DA:24,0
DA:25,0
DA:26,0
DA:27,0
DA:28,0
LF:18
LH:0
end_of_record
SF:lib\features\auth\data\models\request\verify_reset_code_request_dto.dart
DA:9,0
DA:11,0
DA:12,0
DA:13,0
LF:4
LH:0
end_of_record
SF:lib\features\auth\data\models\request\verify_reset_code_request_dto.g.dart
DA:9,0
DA:11,0
DA:12,0
DA:15,0
DA:17,0
DA:18,0
LF:6
LH:0
end_of_record
SF:lib\features\auth\data\models\response\forget_password_response_dto.dart
DA:10,0
DA:12,0
DA:13,0
DA:15,0
LF:4
LH:0
end_of_record
SF:lib\features\auth\data\models\response\forget_password_response_dto.g.dart
DA:9,0
DA:11,0
DA:12,0
DA:13,0
DA:16,0
DA:18,0
DA:19,0
DA:20,0
LF:8
LH:0
end_of_record
SF:lib\features\auth\data\models\response\login_response_dto.dart
DA:11,0
DA:13,0
DA:14,0
DA:16,0
LF:4
LH:0
end_of_record
SF:lib\features\auth\data\models\response\login_response_dto.g.dart
DA:9,0
DA:10,0
DA:11,0
DA:12,0
DA:13,0
DA:16,0
DA:17,0
DA:18,0
DA:19,0
DA:20,0
LF:10
LH:0
end_of_record
SF:lib\features\auth\data\models\response\reset_password_response_dto.dart
DA:10,0
DA:12,0
DA:13,0
DA:16,0
LF:4
LH:0
end_of_record
SF:lib\features\auth\data\models\response\reset_password_response_dto.g.dart
DA:9,0
DA:11,0
DA:12,0
DA:13,0
DA:16,0
DA:18,0
DA:19,0
DA:20,0
LF:8
LH:0
end_of_record
SF:lib\features\auth\data\models\response\signup_response_dto.dart
DA:16,1
DA:23,0
DA:24,0
DA:27,0
DA:28,0
DA:53,1
DA:65,0
DA:66,0
DA:69,0
DA:70,0
LF:10
LH:2
end_of_record
SF:lib\features\auth\data\models\response\signup_response_dto.g.dart
DA:9,0
DA:10,0
DA:11,0
DA:12,0
DA:14,0
DA:15,0
DA:16,0
DA:19,0
DA:20,0
DA:21,0
DA:22,0
DA:23,0
DA:24,0
DA:27,0
DA:28,0
DA:29,0
DA:30,0
DA:31,0
DA:32,0
DA:33,0
DA:34,0
DA:35,0
DA:36,0
DA:39,0
DA:40,0
DA:41,0
DA:42,0
DA:43,0
DA:44,0
DA:45,0
DA:46,0
DA:47,0
DA:48,0
LF:33
LH:0
end_of_record
SF:lib\features\auth\data\models\response\verify_reset_code_response.dart
DA:9,0
DA:11,0
DA:12,0
DA:14,0
LF:4
LH:0
end_of_record
SF:lib\features\auth\data\models\response\verify_reset_code_response.g.dart
DA:9,0
DA:11,0
DA:12,0
DA:15,0
DA:17,0
DA:18,0
LF:6
LH:0
end_of_record
SF:lib\features\best_seller\data\models\best_seller_response_model_entity.dart
DA:10,0
DA:12,0
DA:13,0
DA:15,0
DA:37,0
DA:54,0
DA:56,0
DA:58,0
DA:59,0
LF:9
LH:0
end_of_record
SF:lib\features\best_seller\data\models\best_seller_response_model_entity.g.dart
DA:9,0
DA:11,0
DA:12,0
DA:13,0
DA:14,0
DA:16,0
DA:18,0
DA:21,0
DA:23,0
DA:24,0
DA:25,0
DA:28,0
DA:31,0
DA:32,0
DA:33,0
DA:34,0
DA:35,0
DA:36,0
DA:37,0
DA:38,0
DA:39,0
DA:40,0
DA:41,0
DA:42,0
DA:43,0
DA:44,0
DA:45,0
DA:48,0
DA:50,0
DA:51,0
DA:52,0
DA:53,0
DA:54,0
DA:55,0
DA:56,0
DA:57,0
DA:58,0
DA:59,0
DA:60,0
DA:61,0
DA:62,0
DA:63,0
DA:64,0
LF:43
LH:0
end_of_record
SF:lib\features\cart\data\models\request\add_product_to_cart_request_dto.dart
DA:10,0
DA:14,0
LF:2
LH:0
end_of_record
SF:lib\features\cart\data\models\request\add_product_to_cart_request_dto.g.dart
DA:5,0
DA:7,0
DA:8,0
DA:9,0
LF:4
LH:0
end_of_record
SF:lib\features\cart\data\models\request\update_cart_product_quantity_request_dto.dart
DA:9,0
DA:12,0
DA:13,0
LF:3
LH:0
end_of_record
SF:lib\features\cart\data\models\request\update_cart_product_quantity_request_dto.g.dart
DA:11,0
DA:13,0
DA:14,0
LF:3
LH:0
end_of_record
SF:lib\features\cart\data\models\response\add_to_cart_response_dto.dart
DA:11,0
DA:13,0
DA:14,0
DA:30,0
DA:33,0
DA:34,0
DA:46,0
DA:49,0
DA:51,0
LF:9
LH:0
end_of_record
SF:lib\features\cart\data\models\response\add_to_cart_response_dto.g.dart
DA:9,0
DA:11,0
DA:12,0
DA:13,0
DA:14,0
DA:16,0
DA:21,0
DA:22,0
DA:23,0
DA:24,0
DA:25,0
DA:27,0
DA:28,0
DA:29,0
DA:30,0
DA:31,0
DA:32,0
DA:37,0
DA:38,0
DA:39,0
DA:40,0
DA:41,0
DA:42,0
LF:23
LH:0
end_of_record
SF:lib\features\cart\data\models\response\cart_response_dto.dart
DA:11,0
DA:13,0
DA:14,0
DA:32,0
DA:43,0
DA:44,0
DA:56,0
DA:59,0
DA:60,0
DA:85,0
DA:104,0
DA:106,0
LF:12
LH:0
end_of_record
SF:lib\features\cart\data\models\response\cart_response_dto.g.dart
DA:9,0
DA:10,0
DA:11,0
DA:12,0
DA:13,0
DA:15,0
DA:20,0
DA:21,0
DA:22,0
DA:23,0
DA:24,0
DA:26,0
DA:27,0
DA:28,0
DA:29,0
DA:30,0
DA:31,0
DA:32,0
DA:33,0
DA:38,0
DA:39,0
DA:41,0
DA:42,0
DA:43,0
DA:44,0
DA:45,0
DA:50,0
DA:51,0
DA:52,0
DA:53,0
DA:54,0
DA:55,0
DA:56,0
DA:57,0
DA:58,0
DA:59,0
DA:60,0
DA:61,0
DA:62,0
DA:63,0
DA:64,0
DA:65,0
DA:66,0
DA:67,0
LF:44
LH:0
end_of_record
SF:lib\features\cart\data\models\response\remove_from_cart_response_dto.dart
DA:11,0
DA:13,0
DA:14,0
DA:29,0
DA:32,0
DA:33,0
DA:44,0
DA:46,0
DA:47,0
LF:9
LH:0
end_of_record
SF:lib\features\cart\data\models\response\remove_from_cart_response_dto.g.dart
DA:9,0
DA:11,0
DA:12,0
DA:13,0
DA:14,0
DA:16,0
DA:17,0
DA:22,0
DA:24,0
DA:25,0
DA:26,0
DA:27,0
DA:28,0
DA:30,0
DA:31,0
DA:32,0
DA:33,0
DA:34,0
DA:35,0
DA:40,0
DA:41,0
DA:42,0
DA:43,0
DA:44,0
DA:45,0
LF:25
LH:0
end_of_record
SF:lib\features\categories\data\models\response\get_all_categories_response_dto.dart
DA:11,0
DA:13,0
DA:14,0
DA:16,0
DA:25,0
DA:28,0
DA:30,0
DA:32,0
DA:33,0
DA:46,0
DA:49,0
DA:51,0
DA:53,0
DA:54,0
LF:14
LH:0
end_of_record
SF:lib\features\categories\data\models\response\get_all_categories_response_dto.g.dart
DA:9,0
DA:11,0
DA:12,0
DA:13,0
DA:15,0
DA:16,0
DA:17,0
DA:18,0
DA:20,0
DA:22,0
DA:25,0
DA:27,0
DA:28,0
DA:29,0
DA:30,0
DA:33,0
DA:35,0
DA:36,0
DA:37,0
DA:38,0
DA:41,0
DA:43,0
DA:44,0
DA:45,0
DA:46,0
DA:49,0
DA:52,0
DA:53,0
DA:54,0
DA:55,0
DA:56,0
DA:57,0
DA:58,0
DA:61,0
DA:63,0
DA:64,0
DA:65,0
DA:66,0
DA:67,0
DA:68,0
DA:69,0
LF:41
LH:0
end_of_record
SF:lib\features\categories\data\models\response\get_all_products_rsponse_dto.dart
DA:10,0
DA:12,0
DA:13,0
DA:15,0
DA:37,0
DA:53,0
DA:55,0
DA:57,0
DA:58,0
LF:9
LH:0
end_of_record
SF:lib\features\categories\data\models\response\get_all_products_rsponse_dto.g.dart
DA:9,0
DA:11,0
DA:12,0
DA:13,0
DA:14,0
DA:16,0
DA:18,0
DA:21,0
DA:23,0
DA:24,0
DA:25,0
DA:28,0
DA:30,0
DA:31,0
DA:32,0
DA:33,0
DA:34,0
DA:35,0
DA:36,0
DA:37,0
DA:38,0
DA:39,0
DA:40,0
DA:41,0
DA:42,0
DA:43,0
DA:44,0
DA:47,0
DA:49,0
DA:50,0
DA:51,0
DA:52,0
DA:53,0
DA:54,0
DA:55,0
DA:56,0
DA:57,0
DA:58,0
DA:59,0
DA:60,0
DA:61,0
DA:62,0
DA:63,0
LF:43
LH:0
end_of_record
SF:lib\features\generic\data\models\generic_response_dto.dart
DA:15,1
DA:22,0
DA:23,0
DA:26,0
DA:27,0
DA:40,0
DA:46,0
DA:47,0
DA:50,0
DA:51,0
DA:70,1
DA:79,0
DA:80,0
DA:83,0
DA:84,0
LF:15
LH:2
end_of_record
SF:lib\features\generic\data\models\generic_response_dto.g.dart
DA:9,0
DA:10,0
DA:11,0
DA:12,0
DA:14,0
DA:15,0
DA:16,0
DA:17,0
DA:18,0
DA:19,0
DA:20,0
DA:23,0
DA:24,0
DA:25,0
DA:26,0
DA:27,0
DA:28,0
DA:31,0
DA:32,0
DA:33,0
DA:34,0
DA:37,0
DA:38,0
DA:39,0
DA:40,0
DA:43,0
DA:44,0
DA:45,0
DA:46,0
DA:47,0
DA:48,0
DA:49,0
DA:52,0
DA:53,0
DA:54,0
DA:55,0
DA:56,0
DA:57,0
DA:58,0
LF:39
LH:0
end_of_record
SF:lib\features\home_screen\data\models\home_response_model_entity.dart
DA:12,0
DA:15,0
DA:16,0
DA:18,0
DA:41,0
DA:58,0
DA:59,0
DA:61,0
DA:62,0
DA:84,0
DA:101,0
DA:103,0
DA:105,0
DA:106,0
DA:119,0
DA:122,0
DA:124,0
DA:126,0
DA:127,0
LF:19
LH:0
end_of_record
SF:lib\features\home_screen\data\models\home_response_model_entity.g.dart
DA:9,0
DA:11,0
DA:12,0
DA:13,0
DA:14,0
DA:16,0
DA:18,0
DA:19,0
DA:20,0
DA:22,0
DA:24,0
DA:25,0
DA:26,0
DA:28,0
DA:30,0
DA:33,0
DA:35,0
DA:36,0
DA:37,0
DA:38,0
DA:39,0
DA:42,0
DA:44,0
DA:45,0
DA:46,0
DA:47,0
DA:48,0
DA:49,0
DA:50,0
DA:51,0
DA:52,0
DA:53,0
DA:54,0
DA:55,0
DA:56,0
DA:57,0
DA:58,0
DA:61,0
DA:63,0
DA:64,0
DA:65,0
DA:66,0
DA:67,0
DA:68,0
DA:69,0
DA:70,0
DA:71,0
DA:72,0
DA:73,0
DA:74,0
DA:75,0
DA:76,0
DA:77,0
DA:80,0
DA:82,0
DA:83,0
DA:84,0
DA:85,0
DA:86,0
DA:87,0
DA:88,0
DA:89,0
DA:90,0
DA:91,0
DA:92,0
DA:93,0
DA:94,0
DA:95,0
DA:96,0
DA:99,0
DA:101,0
DA:102,0
DA:103,0
DA:104,0
DA:105,0
DA:106,0
DA:107,0
DA:108,0
DA:109,0
DA:110,0
DA:111,0
DA:112,0
DA:113,0
DA:114,0
DA:115,0
DA:118,0
DA:120,0
DA:121,0
DA:122,0
DA:123,0
DA:124,0
DA:125,0
DA:126,0
DA:129,0
DA:131,0
DA:132,0
DA:133,0
DA:134,0
DA:135,0
DA:136,0
DA:137,0
LF:101
LH:0
end_of_record
SF:lib\features\product\data\models\response\product_response_dto.dart
DA:10,1
DA:12,0
DA:13,0
DA:15,0
DA:37,1
DA:53,0
DA:55,0
DA:57,0
DA:58,0
LF:9
LH:2
end_of_record
SF:lib\features\product\data\models\response\product_response_dto.g.dart
DA:9,0
DA:10,0
DA:11,0
DA:12,0
DA:13,0
DA:14,0
DA:15,0
DA:18,0
DA:19,0
DA:20,0
DA:21,0
DA:24,0
DA:25,0
DA:26,0
DA:27,0
DA:28,0
DA:29,0
DA:30,0
DA:31,0
DA:32,0
DA:33,0
DA:34,0
DA:35,0
DA:36,0
DA:37,0
DA:38,0
DA:41,0
DA:42,0
DA:43,0
DA:44,0
DA:45,0
DA:46,0
DA:47,0
DA:48,0
DA:49,0
DA:50,0
DA:51,0
DA:52,0
DA:53,0
DA:54,0
DA:55,0
DA:56,0
LF:42
LH:0
end_of_record
SF:lib\features\profile\data\models\request\change_password_request_dto.dart
DA:10,1
DA:12,0
DA:13,0
DA:15,0
LF:4
LH:1
end_of_record
SF:lib\features\profile\data\models\request\change_password_request_dto.g.dart
DA:9,0
DA:11,0
DA:12,0
DA:13,0
DA:16,0
DA:18,0
DA:19,0
DA:20,0
LF:8
LH:0
end_of_record
SF:lib\features\profile\data\models\response\change_password_response_dto.dart
DA:10,1
DA:12,0
DA:13,0
DA:15,0
LF:4
LH:1
end_of_record
SF:lib\features\profile\data\models\response\change_password_response_dto.g.dart
DA:9,0
DA:11,0
DA:12,0
DA:13,0
DA:16,0
DA:18,0
DA:19,0
DA:20,0
LF:8
LH:0
end_of_record
SF:lib\features\profile\data\models\response\edit_profile_response_dto.dart
DA:10,1
DA:12,0
DA:13,0
DA:15,0
DA:32,1
DA:44,0
DA:45,0
DA:47,0
LF:8
LH:2
end_of_record
SF:lib\features\profile\data\models\response\edit_profile_response_dto.g.dart
DA:9,0
DA:11,0
DA:12,0
DA:13,0
DA:15,0
DA:16,0
DA:19,0
DA:21,0
DA:22,0
DA:23,0
DA:26,0
DA:28,0
DA:29,0
DA:30,0
DA:31,0
DA:32,0
DA:33,0
DA:34,0
DA:35,0
DA:36,0
DA:37,0
DA:38,0
DA:41,0
DA:43,0
DA:44,0
DA:45,0
DA:46,0
DA:47,0
DA:48,0
DA:49,0
DA:50,0
DA:51,0
DA:52,0
DA:53,0
LF:34
LH:0
end_of_record
SF:lib\features\profile\data\models\response\get_logged_user_data_response_dto.dart
DA:10,1
DA:12,0
DA:13,0
DA:15,0
DA:31,1
DA:42,0
DA:44,0
DA:46,0
DA:47,0
LF:9
LH:2
end_of_record
SF:lib\features\profile\data\models\response\get_logged_user_data_response_dto.g.dart
DA:9,0
DA:11,0
DA:12,0
DA:13,0
DA:15,0
DA:16,0
DA:19,0
DA:21,0
DA:22,0
DA:23,0
DA:26,0
DA:28,0
DA:29,0
DA:30,0
DA:31,0
DA:32,0
DA:33,0
DA:34,0
DA:35,0
DA:36,0
DA:37,0
DA:40,0
DA:42,0
DA:43,0
DA:44,0
DA:45,0
DA:46,0
DA:47,0
DA:48,0
DA:49,0
DA:50,0
DA:51,0
LF:32
LH:0
end_of_record
SF:lib\features\profile\data\models\response\upload_photo_response_dto.dart
DA:9,1
DA:11,0
DA:12,0
DA:14,0
LF:4
LH:1
end_of_record
SF:lib\features\profile\data\models\response\upload_photo_response_dto.g.dart
DA:9,0
DA:11,0
DA:12,0
DA:15,0
DA:17,0
DA:18,0
LF:6
LH:0
end_of_record
SF:lib\core\networking\api\api_constants.dart
DA:11,0
LF:1
LH:0
end_of_record
SF:lib\core\networking\api_execute.dart
DA:6,5
DA:8,5
DA:9,5
DA:10,5
DA:11,5
LF:5
LH:5
end_of_record
SF:lib\features\address_details\data\mappers\add_address_mappers.dart
DA:8,1
DA:10,4
DA:13,1
DA:15,1
DA:16,1
DA:17,3
DA:18,1
DA:22,1
DA:24,1
DA:25,4
LF:10
LH:10
end_of_record
SF:lib\features\address_details\data\repositories\add_address_repo_impl.dart
DA:15,1
DA:18,1
DA:21,2
LF:3
LH:3
end_of_record
SF:lib\features\address_details\domain\use_cases\add_address_usecase.dart
DA:12,1
DA:15,1
DA:17,2
LF:3
LH:3
end_of_record
SF:lib\features\auth\data\data_sources\impl\auth_online_data_source_impl.dart
DA:23,1
DA:26,0
DA:29,0
DA:30,0
DA:31,0
DA:35,1
DA:38,2
DA:39,3
DA:40,1
DA:44,0
DA:47,0
DA:48,0
DA:49,0
DA:50,0
DA:54,0
DA:57,0
DA:58,0
DA:59,0
DA:64,0
DA:67,0
DA:68,0
DA:69,0
LF:22
LH:5
end_of_record
SF:lib\features\auth\domain\entities\request\signup_request_entity.dart
DA:10,3
LF:1
LH:1
end_of_record
SF:lib\features\auth\domain\entities\response\signup_response_entity.dart
DA:9,4
DA:16,1
DA:17,5
DA:31,7
DA:43,1
DA:44,10
LF:6
LH:6
end_of_record
SF:lib\features\auth\domain\entities\request\forget_password_request_entity.dart
DA:7,0
DA:9,0
DA:10,0
LF:3
LH:0
end_of_record
SF:lib\features\auth\domain\entities\request\login_request_entity.dart
DA:5,0
LF:1
LH:0
end_of_record
SF:lib\features\auth\domain\entities\request\reset_password_request_entity.dart
DA:6,0
LF:1
LH:0
end_of_record
SF:lib\features\auth\domain\entities\request\verify_reset_code_request_entity.dart
DA:5,0
LF:1
LH:0
end_of_record
SF:lib\features\auth\domain\entities\response\forget_password_response_entity.dart
DA:8,0
DA:10,0
DA:11,0
LF:3
LH:0
end_of_record
SF:lib\features\auth\domain\entities\response\login_response_entity.dart
DA:6,0
LF:1
LH:0
end_of_record
SF:lib\features\auth\data\mappers\auth_mapper.dart
DA:21,0
DA:22,0
DA:25,0
DA:26,0
DA:27,0
DA:30,1
DA:31,1
DA:32,1
DA:33,1
DA:34,1
DA:35,1
DA:36,1
DA:37,1
DA:38,1
DA:41,1
DA:42,1
DA:43,1
DA:44,1
DA:45,1
DA:46,2
DA:50,1
DA:52,1
DA:53,1
DA:54,1
DA:55,1
DA:56,1
DA:57,1
DA:58,1
DA:59,1
DA:60,1
DA:61,1
DA:65,0
DA:67,0
DA:68,0
DA:69,0
DA:73,0
DA:75,0
DA:77,0
DA:79,0
DA:82,0
DA:84,0
DA:85,0
DA:90,0
DA:92,0
DA:93,0
DA:97,0
DA:99,0
DA:100,0
DA:101,0
LF:49
LH:26
end_of_record
SF:lib\core\networking\error\error_model.dart
DA:5,2
DA:12,0
DA:13,0
DA:14,0
DA:15,0
DA:21,0
DA:22,0
DA:23,0
DA:24,0
DA:28,2
DA:29,6
LF:11
LH:3
end_of_record
SF:lib\features\address_details\presentation\viewModel\add_address_action.dart
DA:8,1
DA:16,0
LF:2
LH:1
end_of_record
SF:lib\features\address_details\presentation\viewModel\add_address_view_model_state.dart
DA:5,1
DA:6,1
DA:16,1
DA:18,1
DA:19,2
DA:25,1
DA:27,1
DA:28,2
DA:34,0
DA:40,0
LF:10
LH:8
end_of_record
SF:lib\features\address_details\presentation\viewModel\add_address_view_model_cubit.dart
DA:24,1
DA:26,2
DA:28,1
DA:30,1
DA:31,2
DA:33,0
DA:34,0
DA:36,0
DA:37,0
DA:42,1
DA:43,2
DA:44,2
DA:46,1
DA:47,3
DA:49,1
DA:50,2
DA:55,0
DA:58,0
DA:59,0
DA:60,0
DA:61,0
DA:62,0
DA:66,0
DA:69,0
DA:70,0
DA:71,0
DA:72,0
DA:73,0
LF:28
LH:12
end_of_record
SF:lib\core\networking\error\error_handler.dart
DA:11,0
DA:13,2
DA:14,2
DA:15,0
DA:16,2
DA:17,0
DA:18,0
DA:20,0
DA:21,2
DA:25,0
DA:27,0
DA:28,0
DA:29,0
DA:30,0
DA:31,0
DA:32,0
DA:33,0
DA:34,0
DA:35,0
DA:36,0
DA:37,0
DA:38,0
DA:39,0
DA:40,0
DA:42,0
DA:43,0
DA:47,0
DA:49,0
DA:50,0
DA:51,0
DA:52,0
DA:53,0
DA:54,0
DA:55,0
DA:56,0
DA:57,0
DA:59,0
DA:60,0
DA:61,0
DA:64,0
DA:65,0
DA:66,0
DA:68,0
DA:69,0
LF:44
LH:4
end_of_record
SF:lib\core\provider\localization_helper.dart
DA:5,2
DA:7,0
DA:8,0
DA:11,4
LF:4
LH:2
end_of_record
SF:lib\features\auth\data\repositories\auth_repo_impl.dart
DA:21,1
DA:24,0
DA:27,0
DA:30,1
DA:33,2
DA:37,0
DA:40,0
DA:44,0
DA:47,0
DA:51,0
DA:54,0
LF:11
LH:3
end_of_record
SF:lib\features\auth\domain\use_cases\signup_use_case.dart
DA:11,1
DA:14,1
DA:16,2
LF:3
LH:3
end_of_record
SF:lib\features\generic\data\data_sources\impl\generic_online_data_source_impl.dart
DA:14,1
DA:17,1
DA:19,2
DA:20,2
DA:21,1
LF:5
LH:5
end_of_record
SF:lib\features\generic\domain\entity\generic_response_entity.dart
DA:4,3
DA:14,0
DA:15,0
DA:19,3
DA:35,0
DA:36,0
DA:40,1
DA:50,0
DA:51,0
LF:9
LH:3
end_of_record
SF:lib\features\generic\data\mappers\mapper.dart
DA:5,1
DA:6,1
DA:8,1
DA:9,2
DA:10,0
DA:11,0
DA:14,1
DA:15,1
DA:20,1
DA:21,4
DA:24,1
DA:25,1
DA:26,1
DA:27,1
DA:28,1
DA:29,1
DA:30,1
DA:31,1
LF:18
LH:16
end_of_record
SF:lib\features\generic\data\repositories\generic_repo_impl.dart
DA:11,1
DA:14,1
DA:16,2
LF:3
LH:3
end_of_record
SF:lib\features\generic\domain\use_cases\generic_use_case.dart
DA:10,1
DA:13,1
DA:14,2
LF:3
LH:3
end_of_record
SF:lib\features\product\data\data_sources\impl\product_online_data_source_impl.dart
DA:13,1
DA:16,1
DA:18,2
DA:19,2
DA:20,1
LF:5
LH:5
end_of_record
SF:lib\features\product\domain\entities\product_response_entity.dart
DA:6,4
DA:8,1
DA:9,2
DA:24,4
DA:38,1
DA:39,1
DA:40,1
DA:41,1
DA:42,1
DA:43,1
DA:44,1
DA:45,1
DA:46,1
DA:47,1
DA:48,1
DA:49,1
DA:50,1
LF:17
LH:17
end_of_record
SF:lib\features\product\data\mappers\product_mappers.dart
DA:5,1
DA:7,1
DA:8,5
DA:12,1
DA:14,1
DA:15,1
DA:16,1
DA:17,1
DA:18,1
DA:19,1
DA:20,1
DA:21,1
DA:22,1
DA:23,1
DA:24,1
DA:25,1
LF:16
LH:16
end_of_record
SF:lib\features\product\data\repositories\product_repo_impl.dart
DA:12,1
DA:15,1
DA:17,2
LF:3
LH:3
end_of_record
SF:lib\features\product\domain\use_cases\product_use_case.dart
DA:11,1
DA:14,1
DA:15,2
LF:3
LH:3
end_of_record
SF:lib\features\profile\data\data_sources\impl\profile_online_data_source_impl.dart
DA:20,1
DA:23,1
DA:25,2
DA:26,2
DA:27,1
DA:31,1
DA:34,2
DA:35,2
DA:36,1
DA:40,1
DA:42,2
DA:43,2
DA:44,1
DA:48,1
DA:51,2
DA:52,3
DA:53,1
LF:17
LH:17
end_of_record
SF:lib\features\profile\domain\entities\request\change_password_request_entity.dart
DA:7,4
DA:9,0
DA:10,0
DA:11,0
DA:12,0
LF:5
LH:1
end_of_record
SF:lib\features\profile\domain\entities\response\change_password_response_entity.dart
DA:6,5
DA:8,2
DA:9,4
LF:3
LH:3
end_of_record
SF:lib\features\profile\domain\entities\response\edit_profile_response_entity.dart
DA:6,5
DA:8,2
DA:9,4
DA:23,5
DA:35,2
DA:36,2
DA:37,2
DA:38,2
DA:39,2
DA:40,2
DA:41,2
DA:42,2
DA:43,2
DA:44,2
DA:45,2
LF:15
LH:15
end_of_record
SF:lib\features\profile\domain\entities\response\get_logged_user_data_response_entity.dart
DA:6,5
DA:8,2
DA:9,4
DA:22,5
DA:33,2
DA:34,2
DA:35,2
DA:36,2
DA:37,2
DA:38,2
DA:39,2
DA:40,2
DA:41,2
DA:42,2
LF:14
LH:14
end_of_record
SF:lib\features\profile\domain\entities\response\upload_photo_response_entity.dart
DA:6,5
DA:8,2
DA:9,2
DA:10,2
LF:4
LH:4
end_of_record
SF:lib\features\profile\data\mappers\profile_mappers.dart
DA:14,1
DA:16,1
DA:17,2
DA:21,1
DA:23,1
DA:24,1
DA:25,1
DA:26,1
DA:27,1
DA:28,1
DA:29,1
DA:30,1
DA:31,1
DA:34,1
DA:36,1
DA:37,2
DA:41,1
DA:43,1
DA:44,1
DA:45,1
DA:46,1
DA:47,1
DA:48,1
DA:49,1
DA:50,1
DA:51,1
DA:54,1
DA:56,2
DA:59,1
DA:61,3
DA:64,1
DA:66,2
LF:32
LH:32
end_of_record
SF:lib\features\profile\data\repositories\profile_repo_impl.dart
DA:18,1
DA:21,1
DA:23,2
DA:26,1
DA:29,2
DA:32,1
DA:34,2
DA:37,1
DA:40,2
LF:9
LH:9
end_of_record
SF:lib\features\profile\domain\use_cases\profile_use_case.dart
DA:17,1
DA:20,1
DA:21,2
DA:23,1
DA:25,2
DA:27,1
DA:28,2
DA:29,1
DA:30,2
LF:9
LH:9
end_of_record
SF:lib\features\profile\presentation\viewModel\profile_actions.dart
DA:8,1
DA:14,1
DA:20,1
DA:26,1
LF:4
LH:4
end_of_record
SF:lib\features\profile\presentation\viewModel\profile_view_model_state.dart
DA:5,1
DA:6,1
DA:18,1
DA:20,1
DA:21,2
DA:27,1
DA:29,1
DA:30,2
DA:38,1
DA:40,1
DA:41,2
DA:47,1
DA:49,1
DA:50,2
DA:59,1
DA:61,1
DA:62,2
DA:68,1
DA:70,1
DA:71,2
DA:77,1
DA:79,1
DA:80,2
DA:86,1
DA:88,1
DA:89,2
LF:26
LH:26
end_of_record
SF:lib\features\profile\presentation\viewModel\profile_view_model_cubit.dart
DA:27,1
DA:28,2
DA:30,1
DA:32,1
DA:33,1
DA:34,1
DA:35,2
DA:36,1
DA:37,2
DA:38,1
DA:39,2
DA:43,1
DA:44,2
DA:45,2
DA:47,1
DA:48,3
DA:49,4
DA:50,1
DA:51,0
DA:52,2
DA:56,1
DA:57,2
DA:58,2
DA:60,1
DA:61,3
DA:62,1
DA:63,2
DA:67,1
DA:68,2
DA:70,2
DA:72,1
DA:73,3
DA:74,1
DA:75,2
DA:79,1
DA:80,2
DA:81,2
DA:83,1
DA:84,4
DA:85,3
DA:86,1
DA:87,0
DA:88,2
LF:43
LH:41
end_of_record
